[2025-07-25T15:34:47.755601] [App] User Input Keyword: 颱風 (ptt)
[2025-07-25T15:34:47.793756] [App] Cache Miss & Fetched: 颱風 (ptt)
[2025-07-25T15:39:55.924099] [App] User Input Keyword: 颱風 (ptt)
[2025-07-25T15:39:55.935020] [App] Cache Hit: 颱風 (ptt)
[2025-07-25T15:44:25.098162] [App] User Input Keyword: 颱風 (ptt)
[2025-07-25T15:44:25.109437] [App] Cache Hit: 颱風 (ptt)
[2025-07-25T15:46:23.954245] [App] User Input Keyword: 颱風 (ptt)
[2025-07-25T15:46:23.967304] [App] Cache Hit: 颱風 (ptt)
[2025-07-25T16:03:17.108447] [App] User Input Keyword: 颱風 (ptt)
[2025-07-25T16:03:17.118719] [App] Cache Hit: 颱風 (ptt)
[2025-07-27T10:44:48.845497] [App] User Input Keyword: 颱風 (ptt)
[2025-07-27T10:44:48.873816] [App] Cache Miss & Fetched: 颱風 (ptt)
[2025-07-27T10:50:39.270357] [App] User Input Keyword: 颱風 (ptt)
[2025-07-27T10:50:39.281356] [App] Cache Hit: 颱風 (ptt)
[2025-07-27T11:03:44.353455] [App] User Input Keyword: 颱風 (ptt)
[2025-07-27T11:03:44.364282] [App] Cache Hit: 颱風 (ptt)
[2025-07-27T11:05:19.764007] [App] User Input Keyword: 颱風 (ptt)
[2025-07-27T11:05:19.773887] [App] Cache Hit: 颱風 (ptt)
[2025-07-27T11:06:05.902268] [App] User Input Keyword: 颱風 (ptt)
[2025-07-27T11:06:05.910943] [App] Cache Hit: 颱風 (ptt)
[2025-07-27T11:06:50.888744] [App] User Input Keyword: 電動車 (ptt)
[2025-07-27T11:06:50.901232] [App] Cache Miss & Fetched: 電動車 (ptt)
[2025-07-27T11:52:00.840807] [App] User Input Keyword: 生成式AI (ptt)
[2025-07-27T11:52:00.856586] [App] Cache Miss & Fetched: 生成式AI (ptt)
[2025-07-27T12:06:47.754873] [App] User Input Keyword: 生成式AI (ptt)
[2025-07-27T12:06:47.766352] [App] Cache Hit: 生成式AI (ptt)
[2025-07-27T12:11:27.575889] [App] User Input Keyword: 生成式AI (ptt)
[2025-07-27T12:11:27.587047] [App] Cache Hit: 生成式AI (ptt)
[2025-07-27T12:15:37.710668] [App] User Input Keyword: 生成式AI (ptt)
[2025-07-27T12:15:37.725848] [App] Cache Hit: 生成式AI (ptt)
[2025-07-28T14:11:20.503883] [App] User Input Keyword: 生成式AI (ptt)
[2025-07-28T14:11:20.530445] [App] Cache Miss & Fetched: 生成式AI (ptt)
[2025-07-28T14:32:16.855953] [App] User Input Keyword: 生成式AI (ptt)
[2025-07-28T14:32:16.864853] [App] Cache Hit: 生成式AI (ptt)
[2025-07-28T14:42:29.872313] [App] User Input Keyword: 生成式AI (ptt)
[2025-07-28T14:42:29.880459] [App] Cache Hit: 生成式AI (ptt)
[2025-07-28T14:45:09.363446] [App] User Input Keyword: 生成式AI (ptt)
[2025-07-28T14:45:09.386922] [App] Cache Hit: 生成式AI (ptt)
[2025-07-28T14:50:51.073430] [App] User Input Keyword: 生成式AI (ptt)
[2025-07-28T14:50:51.086746] [App] Cache Hit: 生成式AI (ptt)
[2025-07-28T14:53:41.075876] [App] User Input Keyword: 生成式AI (ptt)
[2025-07-28T14:53:41.086433] [App] Cache Hit: 生成式AI (ptt)
[2025-07-28T14:59:13.971006] [App] User Input Keyword: 生成式AI (ptt)
[2025-07-28T14:59:13.987629] [App] Cache Hit: 生成式AI (ptt)
[2025-07-28T14:59:14.355336] [App] Analysis Completed: 生成式AI (ptt)
[2025-07-28T15:15:55.966211] [App] User Input Keyword: 生成式AI (ptt)
[2025-07-28T15:15:55.974226] [App] Cache Miss & Fetched: 生成式AI (ptt)
[2025-07-28T16:32:21.326257] [App] User Input Keyword: 生成式AI (ptt)
[2025-07-28T16:32:21.337156] [App] Cache Miss & Fetched: 生成式AI (ptt)
[2025-07-28T16:32:21.718735] [App] Analysis Completed: 生成式AI (ptt)
[2025-07-28T16:38:15.155015] [App] User Input Keyword: 生成式AI (ptt)
[2025-07-28T16:38:15.170161] [App] Cache Hit: 生成式AI (ptt)
[2025-07-28T16:38:15.526072] [App] Analysis Completed: 生成式AI (ptt)
[2025-07-28T16:40:44.439420] [App] User Input Keyword: 生成式AI (ptt)
[2025-07-28T16:40:44.447997] [App] Cache Hit: 生成式AI (ptt)
[2025-07-28T16:40:44.837643] [App] Analysis Completed: 生成式AI (ptt)
[2025-07-28T16:48:34.368075] [App] User Input Keyword: AI 人工智慧 機器學習 (ptt)
[2025-07-28T16:48:34.377173] [App] Cache Miss & Fetched: AI 人工智慧 機器學習 (ptt)
[2025-07-28T16:48:34.793884] [App] Analysis Completed: AI 人工智慧 機器學習 (ptt)
[2025-07-29T12:00:41.594696] [App] User Input Keyword: 生成式AI (ptt)
[2025-07-29T12:00:41.621304] [App] Cache Miss & Fetched: 生成式AI (ptt)
[2025-07-29T12:00:43.087330] [App] Analysis Completed: 生成式AI (ptt)
[2025-07-29T12:07:00.669230] [App] User Input Keyword: 生成式AI (ptt)
[2025-07-29T12:07:00.678420] [App] Cache Hit: 生成式AI (ptt)
[2025-07-29T12:07:02.074600] [App] Analysis Completed: 生成式AI (ptt)
